[debug] [2023-12-11T03:55:30.817Z] ----------------------------------------------------------------------
[debug] [2023-12-11T03:55:30.818Z] Command:       /opt/homebrew/Cellar/node/21.3.0/bin/node /opt/homebrew/bin/firebase deploy --only hosting
[debug] [2023-12-11T03:55:30.819Z] CLI Version:   11.22.0
[debug] [2023-12-11T03:55:30.819Z] Platform:      darwin
[debug] [2023-12-11T03:55:30.819Z] Node Version:  v21.3.0
[debug] [2023-12-11T03:55:30.819Z] Time:          Sun Dec 10 2023 20:55:30 GMT-0700 (Mountain Standard Time)
[debug] [2023-12-11T03:55:30.819Z] ----------------------------------------------------------------------
[debug] 
[debug] [2023-12-11T03:55:30.851Z] > command requires scopes: ["email","openid","https://www.googleapis.com/auth/cloudplatformprojects.readonly","https://www.googleapis.com/auth/firebase","https://www.googleapis.com/auth/cloud-platform"]
[debug] [2023-12-11T03:55:30.851Z] > authorizing via signed-in user (dev@justkhit.me)
[debug] [2023-12-11T03:55:30.851Z] [iam] checking project task-management-tool-20caa for permissions ["firebase.projects.get","firebasehosting.sites.update"]
[debug] [2023-12-11T03:55:30.852Z] >>> [apiv2][query] POST https://cloudresourcemanager.googleapis.com/v1/projects/task-management-tool-20caa:testIamPermissions [none]
[debug] [2023-12-11T03:55:30.852Z] >>> [apiv2][(partial)header] POST https://cloudresourcemanager.googleapis.com/v1/projects/task-management-tool-20caa:testIamPermissions x-goog-quota-user=projects/task-management-tool-20caa
[debug] [2023-12-11T03:55:30.852Z] >>> [apiv2][body] POST https://cloudresourcemanager.googleapis.com/v1/projects/task-management-tool-20caa:testIamPermissions {"permissions":["firebase.projects.get","firebasehosting.sites.update"]}
[debug] [2023-12-11T03:55:40.080Z] <<< [apiv2][status] POST https://cloudresourcemanager.googleapis.com/v1/projects/task-management-tool-20caa:testIamPermissions 200
[debug] [2023-12-11T03:55:40.081Z] <<< [apiv2][body] POST https://cloudresourcemanager.googleapis.com/v1/projects/task-management-tool-20caa:testIamPermissions {"permissions":["firebase.projects.get","firebasehosting.sites.update"]}
[debug] [2023-12-11T03:55:40.082Z] >>> [apiv2][query] GET https://firebase.googleapis.com/v1beta1/projects/task-management-tool-20caa [none]
[debug] [2023-12-11T03:55:51.225Z] Failed to make request to https://firebase.googleapis.com/v1beta1/projects/task-management-tool-20caa
[debug] [2023-12-11T03:55:55.059Z] FirebaseError: Failed to make request to https://firebase.googleapis.com/v1beta1/projects/task-management-tool-20caa
    at RetryOperation._fn (/Users/khdkls/.config/yarn/global/node_modules/firebase-tools/lib/apiv2.js:242:31)
    at process.processTicksAndRejections (node:internal/process/task_queues:95:5)
[error] 
[error] Error: Failed to get Firebase project task-management-tool-20caa. Please make sure the project exists and your account has permission to access it.
[debug] [2023-12-11T03:56:05.407Z] ----------------------------------------------------------------------
[debug] [2023-12-11T03:56:05.409Z] Command:       /opt/homebrew/Cellar/node/21.3.0/bin/node /opt/homebrew/bin/firebase use
[debug] [2023-12-11T03:56:05.409Z] CLI Version:   11.22.0
[debug] [2023-12-11T03:56:05.409Z] Platform:      darwin
[debug] [2023-12-11T03:56:05.409Z] Node Version:  v21.3.0
[debug] [2023-12-11T03:56:05.410Z] Time:          Sun Dec 10 2023 20:56:05 GMT-0700 (Mountain Standard Time)
[debug] [2023-12-11T03:56:05.410Z] ----------------------------------------------------------------------
[debug] 
[debug] [2023-12-11T03:56:05.440Z] > command requires scopes: ["email","openid","https://www.googleapis.com/auth/cloudplatformprojects.readonly","https://www.googleapis.com/auth/firebase","https://www.googleapis.com/auth/cloud-platform"]
[debug] [2023-12-11T03:56:05.440Z] > authorizing via signed-in user (dev@justkhit.me)
[info] Active Project: task-management-tool-20caa
[info] 
[info] Project aliases for /Users/khdkls/Developer/SAIT/Fall 2023/Web Development 2 (CPRG-306-E)/web_project:
[info] 
[info] * default (task-management-tool-20caa)
[info] 
[info] Run firebase use --add to define a new project alias.
[debug] [2023-12-11T03:56:14.307Z] Error: Timed out.
    at Timeout._onTimeout (/Users/khdkls/.config/yarn/global/node_modules/firebase-tools/lib/utils.js:253:49)
    at listOnTimeout (node:internal/timers:573:17)
    at process.processTimers (node:internal/timers:514:7)
[error] 
[error] Error: An unexpected error has occurred.
